<?xml version="1.0" encoding="UTF-8"?>
<testng-results skipped="0" failed="0" ignored="0" total="1" passed="1">
  <reporter-output>
  </reporter-output>
  <suite name="Default suite" duration-ms="2086" started-at="2021-11-25T21:56:44Z" finished-at="2021-11-25T21:56:46Z">
    <groups>
    </groups>
    <test name="Default test" duration-ms="2086" started-at="2021-11-25T21:56:44Z" finished-at="2021-11-25T21:56:46Z">
      <class name="RestAPI.sumValidation">
        <test-method status="PASS" signature="SumOfAllCoursePrices()[pri:0, instance:RestAPI.sumValidation@1d057a39]" name="SumOfAllCoursePrices" duration-ms="2050" started-at="2021-11-25T21:56:44Z" finished-at="2021-11-25T21:56:46Z">
          <reporter-output>
          </reporter-output>
        </test-method> <!-- SumOfAllCoursePrices -->
      </class> <!-- RestAPI.sumValidation -->
    </test> <!-- Default test -->
  </suite> <!-- Default suite -->
</testng-results>
