<?xml version="1.0" encoding="UTF-8"?>
<testng-results ignored="0" total="1" passed="1" failed="0" skipped="0">
  <reporter-output>
  </reporter-output>
  <suite started-at="2023-11-17T01:28:54 IST" name="Default suite" finished-at="2023-11-17T01:28:55 IST" duration-ms="1530">
    <groups>
    </groups>
    <test started-at="2023-11-17T01:28:54 IST" name="Default test" finished-at="2023-11-17T01:28:55 IST" duration-ms="1530">
      <class name="RestAPI.sumValidation">
        <test-method signature="SumOfAllCoursePrices()[pri:0, instance:RestAPI.sumValidation@b62d79]" started-at="2023-11-17T01:28:54 IST" name="SumOfAllCoursePrices" finished-at="2023-11-17T01:28:55 IST" duration-ms="1480" status="PASS">
          <reporter-output>
          </reporter-output>
        </test-method> <!-- SumOfAllCoursePrices -->
      </class> <!-- RestAPI.sumValidation -->
    </test> <!-- Default test -->
  </suite> <!-- Default suite -->
</testng-results>
